<?xml version="1.0" encoding="UTF-8"?>
<!-- Generated by org.testng.reporters.JUnitXMLReporter -->
<testsuite hostname="ntpc01508" ignored="0" name="Default test" tests="3" failures="0" timestamp="26 Sep 2018 12:02:51 GMT" time="5.122" errors="0">
  <testcase name="readData" time="1.864" classname="storeTestcase.Endtoendorder"/>
  <testcase name="setdata" time="1.667" classname="storeTestcase.Endtoendorder"/>
  <testcase name="dropData" time="1.149" classname="storeTestcase.Endtoendorder"/>
</testsuite> <!-- Default test -->
