<?xml version="1.0" encoding="UTF-8"?>
<!-- Generated by org.testng.reporters.JUnitXMLReporter -->
<testsuite hostname="ntpc01508" ignored="0" name="Test" tests="3" failures="0" timestamp="05 Oct 2018 08:53:23 GMT" time="5.133" errors="0">
  <testcase name="setdata" time="2.427" classname="storeTestcase.Endtoendorder"/>
  <testcase name="readData" time="1.086" classname="storeTestcase.Endtoendorder"/>
  <testcase name="dropData" time="1.17" classname="storeTestcase.Endtoendorder"/>
</testsuite> <!-- Test -->
