<?xml version="1.0" encoding="UTF-8"?>
<!-- Generated by org.testng.reporters.JUnitXMLReporter -->
<testsuite hostname="ntpc01508" ignored="0" name="Test" tests="3" failures="0" timestamp="05 Oct 2018 08:53:54 GMT" time="5.258" errors="0">
  <testcase name="setdata" time="2.576" classname="storeTestcase.Endtoendorder"/>
  <testcase name="readData" time="1.074" classname="storeTestcase.Endtoendorder"/>
  <testcase name="dropData" time="1.116" classname="storeTestcase.Endtoendorder"/>
</testsuite> <!-- Test -->
