<?xml version="1.0" encoding="UTF-8"?>
<testsuite xmlns:xsi="http://www.w3.org/2001/XMLSchema-instance" xsi:noNamespaceSchemaLocation="https://maven.apache.org/surefire/maven-surefire-plugin/xsd/surefire-test-report.xsd" name="TestSuite" time="5.931" tests="3" errors="0" skipped="0" failures="0">
  <properties>
[...]
</properties>
  <testcase name="setdata" classname="storeTestcase.Endtoendorder" time="2.581"/>
  <testcase name="readData" classname="storeTestcase.Endtoendorder" time="1.071"/>
  <testcase name="dropData" classname="storeTestcase.Endtoendorder" time="1.117"/>
</testsuite>