<?xml version="1.0" encoding="UTF-8"?>
<testng-results skipped="0" failed="0" ignored="0" total="3" passed="3">
  <reporter-output>
  </reporter-output>
  <suite name="Suite" duration-ms="5133" started-at="2018-10-05T08:53:18Z" finished-at="2018-10-05T08:53:23Z">
    <groups>
    </groups>
    <test name="Test" duration-ms="5133" started-at="2018-10-05T08:53:18Z" finished-at="2018-10-05T08:53:23Z">
      <class name="storeTestcase.Endtoendorder">
        <test-method status="PASS" signature="setuppre()[pri:0, instance:storeTestcase.Endtoendorder@5b275dab]" name="setuppre" is-config="true" duration-ms="425" started-at="2018-10-05T14:23:18Z" finished-at="2018-10-05T14:23:18Z">
          <reporter-output>
          </reporter-output>
        </test-method> <!-- setuppre -->
        <test-method status="PASS" signature="setdata()[pri:0, instance:storeTestcase.Endtoendorder@5b275dab]" name="setdata" duration-ms="2427" started-at="2018-10-05T14:23:18Z" finished-at="2018-10-05T14:23:21Z">
          <reporter-output>
          </reporter-output>
        </test-method> <!-- setdata -->
        <test-method status="PASS" signature="readData()[pri:0, instance:storeTestcase.Endtoendorder@5b275dab]" name="readData" duration-ms="1086" started-at="2018-10-05T14:23:21Z" depends-on-methods="storeTestcase.Endtoendorder.setdata" finished-at="2018-10-05T14:23:22Z">
          <reporter-output>
          </reporter-output>
        </test-method> <!-- readData -->
        <test-method status="PASS" signature="dropData()[pri:0, instance:storeTestcase.Endtoendorder@5b275dab]" name="dropData" duration-ms="1170" started-at="2018-10-05T14:23:22Z" depends-on-methods="storeTestcase.Endtoendorder.readData" finished-at="2018-10-05T14:23:23Z">
          <reporter-output>
          </reporter-output>
        </test-method> <!-- dropData -->
      </class> <!-- storeTestcase.Endtoendorder -->
    </test> <!-- Test -->
  </suite> <!-- Suite -->
</testng-results>
